[2025-08-28 18:04:06] [1;33må¼€å§‹ç™»å½•é•œåƒä»“åº“ï¼šhub.deepflow.yunshan.net[0m
[2025-08-28 18:04:06] [0;31mé”™è¯¯ï¼šå®¹å™¨å·¥å…· docker æœªå®‰è£…æˆ–æœªé…ç½®åˆ°ç¯å¢ƒå˜é‡[0m
[2025-08-28 18:08:05] [1;33må¼€å§‹ç™»å½•é•œåƒä»“åº“ï¼šhub.deepflow.yunshan.net[0m
[2025-08-28 18:08:13] [1;32mä»“åº“ç™»å½•æˆåŠŸ[0m
[2025-08-28 18:08:13] [1;33må¼€å§‹ä»åˆ—è¡¨æ–‡ä»¶æ‹‰å–é•œåƒï¼š/home/auto_packing_no_delete/latest_image_list/patch_image_tag_list.txt[0m
[2025-08-28 18:08:13] [1;33mé•œåƒä¿å­˜ç›®å½•ï¼š/home/auto_packing_no_delete/image_tar[0m
[2025-08-28 18:08:13] [1;32må¼€å§‹æ‹‰å–é•œåƒï¼šhub.deepflow.yunshan.net/dev/deepflow-agent:v6.6.5602[0m
[2025-08-28 18:08:28] [1;32mé•œåƒæ‹‰å–æˆåŠŸï¼šhub.deepflow.yunshan.net/dev/deepflow-agent:v6.6.5602[0m
[2025-08-28 18:08:28] [1;32må¼€å§‹ä¿å­˜é•œåƒåˆ°ï¼š/home/auto_packing_no_delete/image_tar/deepflow-agent_v6.6.5602.tar[0m
[2025-08-28 18:08:40] [1;32mé•œåƒä¿å­˜æˆåŠŸï¼š/home/auto_packing_no_delete/image_tar/deepflow-agent_v6.6.5602.tar[0m
[2025-08-28 18:08:40] [1;32må¼€å§‹æ‹‰å–é•œåƒï¼šhub.deepflow.yunshan.net/dev/deepflow-server:v6.6.5602[0m
[2025-08-28 18:08:59] [1;32mé•œåƒæ‹‰å–æˆåŠŸï¼šhub.deepflow.yunshan.net/dev/deepflow-server:v6.6.5602[0m
[2025-08-28 18:08:59] [1;32må¼€å§‹ä¿å­˜é•œåƒåˆ°ï¼š/home/auto_packing_no_delete/image_tar/deepflow-server_v6.6.5602.tar[0m
[2025-08-28 18:09:08] [1;32mé•œåƒä¿å­˜æˆåŠŸï¼š/home/auto_packing_no_delete/image_tar/deepflow-server_v6.6.5602.tar[0m
[2025-08-28 18:09:08] [1;32må¼€å§‹æ‹‰å–é•œåƒï¼šhub.deepflow.yunshan.net/dev/manager:v6.6.743[0m
[2025-08-28 18:09:10] [1;32mé•œåƒæ‹‰å–æˆåŠŸï¼šhub.deepflow.yunshan.net/dev/manager:v6.6.743[0m
[2025-08-28 18:09:10] [1;32må¼€å§‹ä¿å­˜é•œåƒåˆ°ï¼š/home/auto_packing_no_delete/image_tar/manager_v6.6.743.tar[0m
[2025-08-28 18:09:19] [1;32mé•œåƒä¿å­˜æˆåŠŸï¼š/home/auto_packing_no_delete/image_tar/manager_v6.6.743.tar[0m
[2025-08-28 18:09:19] [1;32må¼€å§‹æ‹‰å–é•œåƒï¼šhub.deepflow.yunshan.net/dev/df-web-qiankun-core:v6.6.19024[0m
[2025-08-28 18:09:25] [1;32mé•œåƒæ‹‰å–æˆåŠŸï¼šhub.deepflow.yunshan.net/dev/df-web-qiankun-core:v6.6.19024[0m
[2025-08-28 18:09:25] [1;32må¼€å§‹ä¿å­˜é•œåƒåˆ°ï¼š/home/auto_packing_no_delete/image_tar/df-web-qiankun-core_v6.6.19024.tar[0m
[2025-08-28 18:09:44] [1;32mé•œåƒä¿å­˜æˆåŠŸï¼š/home/auto_packing_no_delete/image_tar/df-web-qiankun-core_v6.6.19024.tar[0m
[2025-08-28 18:09:44] [1;32må¼€å§‹æ‹‰å–é•œåƒï¼šhub.deepflow.yunshan.net/dev/df-web-qiankun-core-saas:v6.6.19024[0m
[2025-08-28 18:09:50] [1;32mé•œåƒæ‹‰å–æˆåŠŸï¼šhub.deepflow.yunshan.net/dev/df-web-qiankun-core-saas:v6.6.19024[0m
[2025-08-28 18:09:50] [1;32må¼€å§‹ä¿å­˜é•œåƒåˆ°ï¼š/home/auto_packing_no_delete/image_tar/df-web-qiankun-core-saas_v6.6.19024.tar[0m
[2025-08-28 18:09:54] [1;32mé•œåƒä¿å­˜æˆåŠŸï¼š/home/auto_packing_no_delete/image_tar/df-web-qiankun-core-saas_v6.6.19024.tar[0m
[2025-08-28 18:09:54] [1;32må¼€å§‹æ‹‰å–é•œåƒï¼šhub.deepflow.yunshan.net/dev/df-web-metrics-explore:v6.6.18972[0m
[2025-08-28 18:09:57] [1;32mé•œåƒæ‹‰å–æˆåŠŸï¼šhub.deepflow.yunshan.net/dev/df-web-metrics-explore:v6.6.18972[0m
[2025-08-28 18:09:57] [1;32må¼€å§‹ä¿å­˜é•œåƒåˆ°ï¼š/home/auto_packing_no_delete/image_tar/df-web-metrics-explore_v6.6.18972.tar[0m
[2025-08-28 18:09:59] [1;32mé•œåƒä¿å­˜æˆåŠŸï¼š/home/auto_packing_no_delete/image_tar/df-web-metrics-explore_v6.6.18972.tar[0m
[2025-08-28 18:09:59] [1;32må¼€å§‹æ‹‰å–é•œåƒï¼šhub.deepflow.yunshan.net/dev/querier-js:v6.6.18868[0m
[2025-08-28 18:10:00] [1;32mé•œåƒæ‹‰å–æˆåŠŸï¼šhub.deepflow.yunshan.net/dev/querier-js:v6.6.18868[0m
[2025-08-28 18:10:00] [1;32må¼€å§‹ä¿å­˜é•œåƒåˆ°ï¼š/home/auto_packing_no_delete/image_tar/querier-js_v6.6.18868.tar[0m
[2025-08-28 18:10:06] [1;32mé•œåƒä¿å­˜æˆåŠŸï¼š/home/auto_packing_no_delete/image_tar/querier-js_v6.6.18868.tar[0m
[2025-08-28 18:10:06] [1;32må¼€å§‹æ‹‰å–é•œåƒï¼šhub.deepflow.yunshan.net/dev/statistics:v6.6.2326[0m
[2025-08-28 18:10:08] [1;32mé•œåƒæ‹‰å–æˆåŠŸï¼šhub.deepflow.yunshan.net/dev/statistics:v6.6.2326[0m
[2025-08-28 18:10:08] [1;32må¼€å§‹ä¿å­˜é•œåƒåˆ°ï¼š/home/auto_packing_no_delete/image_tar/statistics_v6.6.2326.tar[0m
[2025-08-28 18:10:20] [1;32mé•œåƒä¿å­˜æˆåŠŸï¼š/home/auto_packing_no_delete/image_tar/statistics_v6.6.2326.tar[0m
[2025-08-28 18:10:20] [1;32må¼€å§‹æ‹‰å–é•œåƒï¼šhub.deepflow.yunshan.net/dev/pcap:v6.6.220[0m
[2025-08-28 18:10:32] [1;32mé•œåƒæ‹‰å–æˆåŠŸï¼šhub.deepflow.yunshan.net/dev/pcap:v6.6.220[0m
[2025-08-28 18:10:32] [1;32må¼€å§‹ä¿å­˜é•œåƒåˆ°ï¼š/home/auto_packing_no_delete/image_tar/pcap_v6.6.220.tar[0m
[2025-08-28 18:10:41] [1;32mé•œåƒä¿å­˜æˆåŠŸï¼š/home/auto_packing_no_delete/image_tar/pcap_v6.6.220.tar[0m
[2025-08-28 18:10:41] [1;32må¼€å§‹æ‹‰å–é•œåƒï¼šhub.deepflow.yunshan.net/dev/deepflow-app:v6.6.235[0m
[2025-08-28 18:11:08] [1;32mé•œåƒæ‹‰å–æˆåŠŸï¼šhub.deepflow.yunshan.net/dev/deepflow-app:v6.6.235[0m
[2025-08-28 18:11:08] [1;32må¼€å§‹ä¿å­˜é•œåƒåˆ°ï¼š/home/auto_packing_no_delete/image_tar/deepflow-app_v6.6.235.tar[0m
[2025-08-28 18:11:20] [1;32mé•œåƒä¿å­˜æˆåŠŸï¼š/home/auto_packing_no_delete/image_tar/deepflow-app_v6.6.235.tar[0m
[2025-08-28 18:11:20] [1;32må¼€å§‹æ‹‰å–é•œåƒï¼šhub.deepflow.yunshan.net/dev/alarm:v6.6.793[0m
[2025-08-28 18:11:31] [1;32mé•œåƒæ‹‰å–æˆåŠŸï¼šhub.deepflow.yunshan.net/dev/alarm:v6.6.793[0m
[2025-08-28 18:11:31] [1;32må¼€å§‹ä¿å­˜é•œåƒåˆ°ï¼š/home/auto_packing_no_delete/image_tar/alarm_v6.6.793.tar[0m
[2025-08-28 18:11:39] [1;32mé•œåƒä¿å­˜æˆåŠŸï¼š/home/auto_packing_no_delete/image_tar/alarm_v6.6.793.tar[0m
[2025-08-28 18:11:39] [1;32må¼€å§‹æ‹‰å–é•œåƒï¼šhub.deepflow.yunshan.net/dev/fauths:v6.6.653[0m
[2025-08-28 18:11:40] [1;32mé•œåƒæ‹‰å–æˆåŠŸï¼šhub.deepflow.yunshan.net/dev/fauths:v6.6.653[0m
[2025-08-28 18:11:40] [1;32må¼€å§‹ä¿å­˜é•œåƒåˆ°ï¼š/home/auto_packing_no_delete/image_tar/fauths_v6.6.653.tar[0m
[2025-08-28 18:11:51] [1;32mé•œåƒä¿å­˜æˆåŠŸï¼š/home/auto_packing_no_delete/image_tar/fauths_v6.6.653.tar[0m
[2025-08-28 18:11:52] [1;32må¼€å§‹æ‹‰å–é•œåƒï¼šhub.deepflow.yunshan.net/dev/warrant:v6.6.98[0m
[2025-08-28 18:11:54] [1;32mé•œåƒæ‹‰å–æˆåŠŸï¼šhub.deepflow.yunshan.net/dev/warrant:v6.6.98[0m
[2025-08-28 18:11:54] [1;32må¼€å§‹ä¿å­˜é•œåƒåˆ°ï¼š/home/auto_packing_no_delete/image_tar/warrant_v6.6.98.tar[0m
[2025-08-28 18:11:55] [1;32mé•œåƒä¿å­˜æˆåŠŸï¼š/home/auto_packing_no_delete/image_tar/warrant_v6.6.98.tar[0m
[2025-08-28 18:11:55] [1;32må¼€å§‹æ‹‰å–é•œåƒï¼šhub.deepflow.yunshan.net/dev/talker:v6.6.3036[0m
[2025-08-28 18:11:57] [1;32mé•œåƒæ‹‰å–æˆåŠŸï¼šhub.deepflow.yunshan.net/dev/talker:v6.6.3036[0m
[2025-08-28 18:11:57] [1;32må¼€å§‹ä¿å­˜é•œåƒåˆ°ï¼š/home/auto_packing_no_delete/image_tar/talker_v6.6.3036.tar[0m
[2025-08-28 18:12:05] [1;32mé•œåƒä¿å­˜æˆåŠŸï¼š/home/auto_packing_no_delete/image_tar/talker_v6.6.3036.tar[0m
[2025-08-28 18:12:05] [1;32må¼€å§‹æ‹‰å–é•œåƒï¼šhub.deepflow.yunshan.net/dev/report:v6.6.308[0m
[2025-08-28 18:12:07] [1;32mé•œåƒæ‹‰å–æˆåŠŸï¼šhub.deepflow.yunshan.net/dev/report:v6.6.308[0m
[2025-08-28 18:12:07] [1;32må¼€å§‹ä¿å­˜é•œåƒåˆ°ï¼š/home/auto_packing_no_delete/image_tar/report_v6.6.308.tar[0m
[2025-08-28 18:12:20] [1;32mé•œåƒä¿å­˜æˆåŠŸï¼š/home/auto_packing_no_delete/image_tar/report_v6.6.308.tar[0m
[2025-08-28 18:12:20] [1;32m===== æ‰€æœ‰é•œåƒå¤„ç†å®Œæˆï¼=====[0m
[2025-08-28 18:12:20] [1;37mé•œåƒä¿å­˜ç›®å½•ï¼š[0;36m/home/auto_packing_no_delete/image_tar[0m
[2025-08-28 18:12:20] [1;37mæ—¥å¿—æ–‡ä»¶è·¯å¾„ï¼š[0;36m/home/auto_packing_no_delete/logs/pull_save.log[0m
[2025-08-28 18:32:03] [1;33må¼€å§‹ç™»å½•é•œåƒä»“åº“ï¼šhub.deepflow.yunshan.net[0m
[2025-08-28 18:32:06] [1;32mä»“åº“ç™»å½•æˆåŠŸ[0m
[2025-08-28 18:32:06] [1;33må¼€å§‹ä»åˆ—è¡¨æ–‡ä»¶æ‹‰å–é•œåƒï¼š/home/auto_packing_no_delete/latest_image_list/patch_image_tag_list.txt[0m
[2025-08-28 18:32:06] [1;33mé•œåƒä¿å­˜ç›®å½•ï¼š/home/auto_packing_no_delete/image_tar[0m
[2025-08-28 18:32:06] [1;32må¼€å§‹æ‹‰å–é•œåƒï¼šhub.deepflow.yunshan.net/dev/deepflow-agent:v6.6.5602[0m
[2025-08-28 18:32:07] [1;32mé•œåƒæ‹‰å–æˆåŠŸï¼šhub.deepflow.yunshan.net/dev/deepflow-agent:v6.6.5602[0m
[2025-08-28 18:32:07] [1;32må¼€å§‹ä¿å­˜é•œåƒåˆ°ï¼š/home/auto_packing_no_delete/image_tar/deepflow-agent_v6.6.5602.tar[0m
[2025-08-28 18:32:18] [1;32mé•œåƒä¿å­˜æˆåŠŸï¼š/home/auto_packing_no_delete/image_tar/deepflow-agent_v6.6.5602.tar[0m
[2025-08-28 18:32:18] [1;32må¼€å§‹æ‹‰å–é•œåƒï¼šhub.deepflow.yunshan.net/dev/deepflow-app:v6.6.235[0m
[2025-08-28 18:32:20] [1;32mé•œåƒæ‹‰å–æˆåŠŸï¼šhub.deepflow.yunshan.net/dev/deepflow-app:v6.6.235[0m
[2025-08-28 18:32:20] [1;32må¼€å§‹ä¿å­˜é•œåƒåˆ°ï¼š/home/auto_packing_no_delete/image_tar/deepflow-app_v6.6.235.tar[0m
[2025-08-28 18:32:31] [1;32mé•œåƒä¿å­˜æˆåŠŸï¼š/home/auto_packing_no_delete/image_tar/deepflow-app_v6.6.235.tar[0m
[2025-08-28 18:32:31] [1;32m===== æ‰€æœ‰é•œåƒå¤„ç†å®Œæˆï¼=====[0m
[2025-08-28 18:32:31] [1;37mé•œåƒä¿å­˜ç›®å½•ï¼š[0;36m/home/auto_packing_no_delete/image_tar[0m
[2025-08-28 18:32:31] [1;37mæ—¥å¿—æ–‡ä»¶è·¯å¾„ï¼š[0;36m/home/auto_packing_no_delete/logs/pull_save.log[0m
[2025-08-29 10:14:54] [1;33må¼€å§‹ç™»å½•é•œåƒä»“åº“ï¼šhub.deepflow.yunshan.net[0m
[2025-08-29 10:14:57] [1;32mä»“åº“ç™»å½•æˆåŠŸ[0m
[2025-08-29 10:14:57] [1;33må¼€å§‹ä»åˆ—è¡¨æ–‡ä»¶æ‹‰å–é•œåƒï¼š/home/auto_packing_no_delete/latest_image_list/patch_image_tag_list.txt[0m
[2025-08-29 10:14:57] [1;33mé•œåƒä¿å­˜ç›®å½•ï¼š/home/auto_packing_no_delete/image_tar[0m
[2025-08-29 10:14:57] [1;32må¼€å§‹æ‹‰å–é•œåƒï¼šhub.deepflow.yunshan.net/dev/deepflow-agent:v6.6.5602[0m
[2025-08-29 10:14:59] [1;32mé•œåƒæ‹‰å–æˆåŠŸï¼šhub.deepflow.yunshan.net/dev/deepflow-agent:v6.6.5602[0m
[2025-08-29 10:14:59] [1;32må¼€å§‹ä¿å­˜é•œåƒåˆ°ï¼š/home/auto_packing_no_delete/image_tar/deepflow-agent_v6.6.5602.tar[0m
[2025-08-29 10:15:11] [1;32mé•œåƒä¿å­˜æˆåŠŸï¼š/home/auto_packing_no_delete/image_tar/deepflow-agent_v6.6.5602.tar[0m
[2025-08-29 10:15:11] [1;32må¼€å§‹æ‹‰å–é•œåƒï¼šhub.deepflow.yunshan.net/dev/deepflow-app:v6.6.235[0m
[2025-08-29 10:15:12] [1;32mé•œåƒæ‹‰å–æˆåŠŸï¼šhub.deepflow.yunshan.net/dev/deepflow-app:v6.6.235[0m
[2025-08-29 10:15:12] [1;32må¼€å§‹ä¿å­˜é•œåƒåˆ°ï¼š/home/auto_packing_no_delete/image_tar/deepflow-app_v6.6.235.tar[0m
[2025-08-29 10:15:24] [1;32mé•œåƒä¿å­˜æˆåŠŸï¼š/home/auto_packing_no_delete/image_tar/deepflow-app_v6.6.235.tar[0m
[2025-08-29 10:16:06] [1;33må¼€å§‹ç™»å½•é•œåƒä»“åº“ï¼šhub.deepflow.yunshan.net[0m
[2025-08-29 10:16:08] [1;32mä»“åº“ç™»å½•æˆåŠŸ[0m
[2025-08-29 10:16:08] [1;33må¼€å§‹ä»åˆ—è¡¨æ–‡ä»¶æ‹‰å–é•œåƒï¼š/home/auto_packing_no_delete/latest_image_list/patch_image_tag_list.txt[0m
[2025-08-29 10:16:08] [1;33mé•œåƒä¿å­˜ç›®å½•ï¼š/home/auto_packing_no_delete/image_tar[0m
[2025-08-29 10:16:08] [1;32må¼€å§‹æ‹‰å–é•œåƒï¼šhub.deepflow.yunshan.net/dev/deepflow-agent:v6.6.5602[0m
[2025-08-29 10:16:09] [1;32mé•œåƒæ‹‰å–æˆåŠŸï¼šhub.deepflow.yunshan.net/dev/deepflow-agent:v6.6.5602[0m
[2025-08-29 10:16:09] [1;32må¼€å§‹ä¿å­˜é•œåƒåˆ°ï¼š/home/auto_packing_no_delete/image_tar/deepflow-agent_v6.6.5602.tar[0m
[2025-08-29 10:16:21] [1;32mé•œåƒä¿å­˜æˆåŠŸï¼š/home/auto_packing_no_delete/image_tar/deepflow-agent_v6.6.5602.tar[0m
[2025-08-29 10:16:21] [1;32må¼€å§‹æ‹‰å–é•œåƒï¼šhub.deepflow.yunshan.net/dev/deepflow-app:v6.6.235[0m
[2025-08-29 10:16:23] [1;32mé•œåƒæ‹‰å–æˆåŠŸï¼šhub.deepflow.yunshan.net/dev/deepflow-app:v6.6.235[0m
[2025-08-29 10:16:23] [1;32må¼€å§‹ä¿å­˜é•œåƒåˆ°ï¼š/home/auto_packing_no_delete/image_tar/deepflow-app_v6.6.235.tar[0m
[2025-08-29 10:16:34] [1;32mé•œåƒä¿å­˜æˆåŠŸï¼š/home/auto_packing_no_delete/image_tar/deepflow-app_v6.6.235.tar[0m
[2025-08-29 10:16:34] [1;32m===== æ‰€æœ‰é•œåƒå¤„ç†å®Œæˆï¼=====[0m
[2025-08-29 10:16:34] [1;37mé•œåƒä¿å­˜ç›®å½•ï¼š[0;36m/home/auto_packing_no_delete/image_tar[0m
[2025-08-29 10:16:34] [1;37mæ—¥å¿—æ–‡ä»¶è·¯å¾„ï¼š[0;36m/home/auto_packing_no_delete/logs/pull_save.log[0m
[2025-08-29 10:17:27] [1;33må¼€å§‹ç™»å½•é•œåƒä»“åº“ï¼šhub.deepflow.yunshan.net[0m
[2025-08-29 10:17:29] [1;32mä»“åº“ç™»å½•æˆåŠŸ[0m
[2025-08-29 10:17:29] [1;33må¼€å§‹ä»åˆ—è¡¨æ–‡ä»¶æ‹‰å–é•œåƒï¼š/home/auto_packing_no_delete/latest_image_list/patch_image_tag_list.txt[0m
[2025-08-29 10:17:29] [1;33mé•œåƒä¿å­˜ç›®å½•ï¼š/home/auto_packing_no_delete/image_tar[0m
[2025-08-29 10:17:29] [1;32må¼€å§‹æ‹‰å–é•œåƒï¼šhub.deepflow.yunshan.net/dev/deepflow-agent:v6.6.5602[0m
[2025-08-29 10:17:30] [1;32mé•œåƒæ‹‰å–æˆåŠŸï¼šhub.deepflow.yunshan.net/dev/deepflow-agent:v6.6.5602[0m
[2025-08-29 10:17:30] [1;32må¼€å§‹ä¿å­˜é•œåƒåˆ°ï¼š/home/auto_packing_no_delete/image_tar/deepflow-agent_v6.6.5602.tar[0m
[2025-08-29 10:17:43] [1;32mé•œåƒä¿å­˜æˆåŠŸï¼š/home/auto_packing_no_delete/image_tar/deepflow-agent_v6.6.5602.tar[0m
[2025-08-29 10:17:43] [1;32må¼€å§‹æ‹‰å–é•œåƒï¼šhub.deepflow.yunshan.net/dev/deepflow-app:v6.6.235[0m
[2025-08-29 10:17:44] [1;32mé•œåƒæ‹‰å–æˆåŠŸï¼šhub.deepflow.yunshan.net/dev/deepflow-app:v6.6.235[0m
[2025-08-29 10:17:44] [1;32må¼€å§‹ä¿å­˜é•œåƒåˆ°ï¼š/home/auto_packing_no_delete/image_tar/deepflow-app_v6.6.235.tar[0m
[2025-08-29 10:17:55] [1;32mé•œåƒä¿å­˜æˆåŠŸï¼š/home/auto_packing_no_delete/image_tar/deepflow-app_v6.6.235.tar[0m
[2025-08-29 10:17:55] [1;32m===== æ‰€æœ‰é•œåƒå¤„ç†å®Œæˆï¼=====[0m
[2025-08-29 10:17:55] [1;37mé•œåƒä¿å­˜ç›®å½•ï¼š[0;36m/home/auto_packing_no_delete/image_tar[0m
[2025-08-29 10:17:55] [1;37mæ—¥å¿—æ–‡ä»¶è·¯å¾„ï¼š[0;36m/home/auto_packing_no_delete/logs/pull_save.log[0m
[2025-08-29 14:08:02] [1;33må¼€å§‹ç™»å½•é•œåƒä»“åº“ï¼šhub.deepflow.yunshan.net[0m
[2025-08-29 14:08:05] [1;32mä»“åº“ç™»å½•æˆåŠŸ[0m
[2025-08-29 14:08:05] [1;33må¼€å§‹ä»åˆ—è¡¨æ–‡ä»¶æ‹‰å–é•œåƒï¼š/home/auto_packing_no_delete/latest_image_list/patch_image_tag_list.txt[0m
[2025-08-29 14:08:05] [1;33mé•œåƒä¿å­˜ç›®å½•ï¼š/home/auto_packing_no_delete/image_tar[0m
[2025-08-29 14:08:05] [1;32må¼€å§‹æ‹‰å–é•œåƒï¼šhub.deepflow.yunshan.net/dev/deepflow-agent:v6.6.5602[0m
[2025-08-29 14:08:06] [1;32mé•œåƒæ‹‰å–æˆåŠŸï¼šhub.deepflow.yunshan.net/dev/deepflow-agent:v6.6.5602[0m
[2025-08-29 14:08:06] [1;32må¼€å§‹ä¿å­˜é•œåƒåˆ°ï¼š/home/auto_packing_no_delete/image_tar/deepflow-agent_v6.6.5602.tar[0m
[2025-08-29 14:08:17] [1;32mé•œåƒä¿å­˜æˆåŠŸï¼š/home/auto_packing_no_delete/image_tar/deepflow-agent_v6.6.5602.tar[0m
[2025-08-29 14:08:17] [1;32må¼€å§‹æ‹‰å–é•œåƒï¼šhub.deepflow.yunshan.net/dev/deepflow-app:v6.6.235[0m
[2025-08-29 14:08:18] [1;32mé•œåƒæ‹‰å–æˆåŠŸï¼šhub.deepflow.yunshan.net/dev/deepflow-app:v6.6.235[0m
[2025-08-29 14:08:18] [1;32må¼€å§‹ä¿å­˜é•œåƒåˆ°ï¼š/home/auto_packing_no_delete/image_tar/deepflow-app_v6.6.235.tar[0m
[2025-08-29 14:08:30] [1;32mé•œåƒä¿å­˜æˆåŠŸï¼š/home/auto_packing_no_delete/image_tar/deepflow-app_v6.6.235.tar[0m
[2025-08-29 14:08:30] [1;32m===== æ‰€æœ‰é•œåƒå¤„ç†å®Œæˆï¼=====[0m
[2025-08-29 14:08:30] [1;37mé•œåƒä¿å­˜ç›®å½•ï¼š[0;36m/home/auto_packing_no_delete/image_tar[0m
[2025-08-29 14:08:30] [1;37mæ—¥å¿—æ–‡ä»¶è·¯å¾„ï¼š[0;36m/home/auto_packing_no_delete/logs/pull_save.log[0m
