nohup: ignoring input
 * Serving Flask app 'app' (lazy loading)
 * Environment: production
   WARNING: This is a development server. Do not use it in a production deployment.
   Use a production WSGI server instead.
 * Debug mode: on
 * Running on all addresses.
   WARNING: This is a development server. Do not use it in a production deployment.
 * Running on http://10.34.0.189:8000/ (Press CTRL+C to quit)
 * Restarting with stat
 * Debugger is active!
 * Debugger PIN: 278-151-367
10.34.0.214 - - [27/Aug/2025 18:54:30] "[36mGET / HTTP/1.1[0m" 304 -
10.34.0.214 - - [27/Aug/2025 18:54:30] "[36mGET / HTTP/1.1[0m" 304 -
10.34.0.214 - - [28/Aug/2025 10:15:04] "[36mGET / HTTP/1.1[0m" 304 -
10.34.0.214 - - [28/Aug/2025 10:15:04] "[33mGET /favicon.ico HTTP/1.1[0m" 404 -
10.34.0.214 - - [28/Aug/2025 10:36:33] "[36mGET / HTTP/1.1[0m" 304 -
10.34.0.214 - - [28/Aug/2025 10:39:36] "[36mGET / HTTP/1.1[0m" 304 -
10.34.0.214 - - [28/Aug/2025 10:39:40] "GET /build?current=66-37&target=66-45 HTTP/1.1" 200 -
querier-js_tag: v6.6.18868Login Succeeded
镜像文件将保存到当前目录: /home/auto_packing_no_delete
[1;32m正在拉取镜像: hub.deepflow.yunshan.net/dev/querier-js:v6.6.18868[0m
hub.deepflow.yunshan.net/dev/querier-js:v6.6.18868: resolving      |[32m[0m--------------------------------------| 
elapsed: 0.1 s                                      total:   0.0 B (0.0 B/s)                                         
hub.deepflow.yunshan.net/dev/querier-js:v6.6.18868: resolving      |[32m[0m--------------------------------------| 
elapsed: 0.2 s                                      total:   0.0 B (0.0 B/s)                                         
hub.deepflow.yunshan.net/dev/querier-js:v6.6.18868: resolving      |[32m[0m--------------------------------------| 
elapsed: 0.3 s                                      total:   0.0 B (0.0 B/s)                                         
hub.deepflow.yunshan.net/dev/querier-js:v6.6.18868: resolving      |[32m[0m--------------------------------------| 
elapsed: 0.4 s                                      total:   0.0 B (0.0 B/s)                                         
hub.deepflow.yunshan.net/dev/querier-js:v6.6.18868: resolving      |[32m[0m--------------------------------------| 
elapsed: 0.5 s                                      total:   0.0 B (0.0 B/s)                                         
hub.deepflow.yunshan.net/dev/querier-js:v6.6.18868: resolving      |[32m[0m--------------------------------------| 
elapsed: 0.6 s                                      total:   0.0 B (0.0 B/s)                                         
hub.deepflow.yunshan.net/dev/querier-js:v6.6.18868: resolving      |[32m[0m--------------------------------------| 
elapsed: 0.7 s                                      total:   0.0 B (0.0 B/s)                                         
hub.deepflow.yunshan.net/dev/querier-js:v6.6.18868: resolving      |[32m[0m--------------------------------------| 
elapsed: 0.8 s                                      total:   0.0 B (0.0 B/s)                                         
hub.deepflow.yunshan.net/dev/querier-js:v6.6.18868:                               resolved       |[32m++++++++++++++++++++++++++++++++++++++[0m| 
index-sha256:c7bc18f66176400035d8fb5bc56a25245d0bb2fb8087079d3c77441a036f2835:    exists         |[32m++++++++++++++++++++++++++++++++++++++[0m| 
manifest-sha256:efaa468d2f69d1e6e05c9953208ebe4905c206f1ef6da8837617d0e35a7dde3a: exists         |[32m++++++++++++++++++++++++++++++++++++++[0m| 
config-sha256:5980bc5a49b5345c88897ff2cf4e259fd46926fd53b5cf249fb74fd21acbc425:   exists         |[32m++++++++++++++++++++++++++++++++++++++[0m| 
elapsed: 0.9 s                                                                    total:   0.0 B (0.0 B/s)                                         
hub.deepflow.yunshan.net/dev/querier-js:v6.6.18868:                               resolved       |[32m++++++++++++++++++++++++++++++++++++++[0m| 
index-sha256:c7bc18f66176400035d8fb5bc56a25245d0bb2fb8087079d3c77441a036f2835:    exists         |[32m++++++++++++++++++++++++++++++++++++++[0m| 
manifest-sha256:efaa468d2f69d1e6e05c9953208ebe4905c206f1ef6da8837617d0e35a7dde3a: exists         |[32m++++++++++++++++++++++++++++++++++++++[0m| 
config-sha256:5980bc5a49b5345c88897ff2cf4e259fd46926fd53b5cf249fb74fd21acbc425:   exists         |[32m++++++++++++++++++++++++++++++++++++++[0m| 
elapsed: 1.0 s                                                                    total:   0.0 B (0.0 B/s)                                         
[1;32m正在保存镜像到: /home/auto_packing_no_delete/querier-js_v6.6.18868.tar[0m
[1;32m所有镜像处理完成！[0m
  adding: querier-js_v6.6.18868.tar (deflated 0%)
10.34.0.214 - - [28/Aug/2025 10:53:35] "[36mGET / HTTP/1.1[0m" 304 -
querier-js_tag: v6.6.1886810.34.0.214 - - [28/Aug/2025 10:53:51] "GET /build?current=66-37&target=66-45 HTTP/1.1" 200 -
Login Succeeded
镜像文件将保存到当前目录: /home/auto_packing_no_delete
[1;32m正在拉取镜像: hub.deepflow.yunshan.net/dev/querier-js:v6.6.18868[0m
hub.deepflow.yunshan.net/dev/querier-js:v6.6.18868: resolving      |[32m[0m--------------------------------------| 
elapsed: 0.1 s                                      total:   0.0 B (0.0 B/s)                                         
hub.deepflow.yunshan.net/dev/querier-js:v6.6.18868: resolving      |[32m[0m--------------------------------------| 
elapsed: 0.2 s                                      total:   0.0 B (0.0 B/s)                                         
hub.deepflow.yunshan.net/dev/querier-js:v6.6.18868: resolving      |[32m[0m--------------------------------------| 
elapsed: 0.3 s                                      total:   0.0 B (0.0 B/s)                                         
hub.deepflow.yunshan.net/dev/querier-js:v6.6.18868: resolving      |[32m[0m--------------------------------------| 
elapsed: 0.4 s                                      total:   0.0 B (0.0 B/s)                                         
hub.deepflow.yunshan.net/dev/querier-js:v6.6.18868: resolving      |[32m[0m--------------------------------------| 
elapsed: 0.5 s                                      total:   0.0 B (0.0 B/s)                                         
hub.deepflow.yunshan.net/dev/querier-js:v6.6.18868: resolving      |[32m[0m--------------------------------------| 
elapsed: 0.6 s                                      total:   0.0 B (0.0 B/s)                                         
hub.deepflow.yunshan.net/dev/querier-js:v6.6.18868: resolving      |[32m[0m--------------------------------------| 
elapsed: 0.7 s                                      total:   0.0 B (0.0 B/s)                                         
hub.deepflow.yunshan.net/dev/querier-js:v6.6.18868: resolving      |[32m[0m--------------------------------------| 
elapsed: 0.8 s                                      total:   0.0 B (0.0 B/s)                                         
hub.deepflow.yunshan.net/dev/querier-js:v6.6.18868: resolving      |[32m[0m--------------------------------------| 
elapsed: 0.9 s                                      total:   0.0 B (0.0 B/s)                                         
hub.deepflow.yunshan.net/dev/querier-js:v6.6.18868: resolving      |[32m[0m--------------------------------------| 
elapsed: 1.0 s                                      total:   0.0 B (0.0 B/s)                                         
hub.deepflow.yunshan.net/dev/querier-js:v6.6.18868: resolving      |[32m[0m--------------------------------------| 
elapsed: 1.1 s                                      total:   0.0 B (0.0 B/s)                                         
hub.deepflow.yunshan.net/dev/querier-js:v6.6.18868: resolving      |[32m[0m--------------------------------------| 
elapsed: 1.2 s                                      total:   0.0 B (0.0 B/s)                                         
hub.deepflow.yunshan.net/dev/querier-js:v6.6.18868: resolving      |[32m[0m--------------------------------------| 
elapsed: 1.3 s                                      total:   0.0 B (0.0 B/s)                                         
hub.deepflow.yunshan.net/dev/querier-js:v6.6.18868: resolving      |[32m[0m--------------------------------------| 
elapsed: 1.4 s                                      total:   0.0 B (0.0 B/s)                                         
hub.deepflow.yunshan.net/dev/querier-js:v6.6.18868: resolving      |[32m[0m--------------------------------------| 
elapsed: 1.5 s                                      total:   0.0 B (0.0 B/s)                                         
hub.deepflow.yunshan.net/dev/querier-js:v6.6.18868: resolving      |[32m[0m--------------------------------------| 
elapsed: 1.6 s                                      total:   0.0 B (0.0 B/s)                                         
hub.deepflow.yunshan.net/dev/querier-js:v6.6.18868: resolving      |[32m[0m--------------------------------------| 
elapsed: 1.7 s                                      total:   0.0 B (0.0 B/s)                                         
hub.deepflow.yunshan.net/dev/querier-js:v6.6.18868: resolving      |[32m[0m--------------------------------------| 
elapsed: 1.8 s                                      total:   0.0 B (0.0 B/s)                                         
hub.deepflow.yunshan.net/dev/querier-js:v6.6.18868: resolving      |[32m[0m--------------------------------------| 
elapsed: 1.9 s                                      total:   0.0 B (0.0 B/s)                                         
hub.deepflow.yunshan.net/dev/querier-js:v6.6.18868: resolving      |[32m[0m--------------------------------------| 
elapsed: 2.0 s                                      total:   0.0 B (0.0 B/s)                                         
hub.deepflow.yunshan.net/dev/querier-js:v6.6.18868: resolving      |[32m[0m--------------------------------------| 
elapsed: 2.1 s                                      total:   0.0 B (0.0 B/s)                                         
hub.deepflow.yunshan.net/dev/querier-js:v6.6.18868: resolving      |[32m[0m--------------------------------------| 
elapsed: 2.2 s                                      total:   0.0 B (0.0 B/s)                                         
hub.deepflow.yunshan.net/dev/querier-js:v6.6.18868: resolving      |[32m[0m--------------------------------------| 
elapsed: 2.3 s                                      total:   0.0 B (0.0 B/s)                                         
hub.deepflow.yunshan.net/dev/querier-js:v6.6.18868: resolving      |[32m[0m--------------------------------------| 
elapsed: 2.4 s                                      total:   0.0 B (0.0 B/s)                                         
hub.deepflow.yunshan.net/dev/querier-js:v6.6.18868: resolving      |[32m[0m--------------------------------------| 
elapsed: 2.5 s                                      total:   0.0 B (0.0 B/s)                                         
hub.deepflow.yunshan.net/dev/querier-js:v6.6.18868: resolving      |[32m[0m--------------------------------------| 
elapsed: 2.6 s                                      total:   0.0 B (0.0 B/s)                                         
hub.deepflow.yunshan.net/dev/querier-js:v6.6.18868: resolving      |[32m[0m--------------------------------------| 
elapsed: 2.7 s                                      total:   0.0 B (0.0 B/s)                                         
hub.deepflow.yunshan.net/dev/querier-js:v6.6.18868: resolving      |[32m[0m--------------------------------------| 
elapsed: 2.8 s                                      total:   0.0 B (0.0 B/s)                                         
hub.deepflow.yunshan.net/dev/querier-js:v6.6.18868: resolving      |[32m[0m--------------------------------------| 
elapsed: 2.9 s                                      total:   0.0 B (0.0 B/s)                                         
hub.deepflow.yunshan.net/dev/querier-js:v6.6.18868: resolving      |[32m[0m--------------------------------------| 
elapsed: 3.0 s                                      total:   0.0 B (0.0 B/s)                                         
hub.deepflow.yunshan.net/dev/querier-js:v6.6.18868: resolving      |[32m[0m--------------------------------------| 
elapsed: 3.1 s                                      total:   0.0 B (0.0 B/s)                                         
hub.deepflow.yunshan.net/dev/querier-js:v6.6.18868: resolving      |[32m[0m--------------------------------------| 
elapsed: 3.2 s                                      total:   0.0 B (0.0 B/s)                                         
hub.deepflow.yunshan.net/dev/querier-js:v6.6.18868: resolving      |[32m[0m--------------------------------------| 
elapsed: 3.3 s                                      total:   0.0 B (0.0 B/s)                                         
hub.deepflow.yunshan.net/dev/querier-js:v6.6.18868: resolving      |[32m[0m--------------------------------------| 
elapsed: 3.4 s                                      total:   0.0 B (0.0 B/s)                                         
hub.deepflow.yunshan.net/dev/querier-js:v6.6.18868: resolving      |[32m[0m--------------------------------------| 
elapsed: 3.5 s                                      total:   0.0 B (0.0 B/s)                                         
hub.deepflow.yunshan.net/dev/querier-js:v6.6.18868: resolving      |[32m[0m--------------------------------------| 
elapsed: 3.6 s                                      total:   0.0 B (0.0 B/s)                                         
hub.deepflow.yunshan.net/dev/querier-js:v6.6.18868: resolving      |[32m[0m--------------------------------------| 
elapsed: 3.7 s                                      total:   0.0 B (0.0 B/s)                                         
hub.deepflow.yunshan.net/dev/querier-js:v6.6.18868: resolving      |[32m[0m--------------------------------------| 
elapsed: 3.8 s                                      total:   0.0 B (0.0 B/s)                                         
hub.deepflow.yunshan.net/dev/querier-js:v6.6.18868: resolving      |[32m[0m--------------------------------------| 
elapsed: 3.9 s                                      total:   0.0 B (0.0 B/s)                                         
hub.deepflow.yunshan.net/dev/querier-js:v6.6.18868: resolving      |[32m[0m--------------------------------------| 
elapsed: 4.0 s                                      total:   0.0 B (0.0 B/s)                                         
hub.deepflow.yunshan.net/dev/querier-js:v6.6.18868: resolving      |[32m[0m--------------------------------------| 
elapsed: 4.1 s                                      total:   0.0 B (0.0 B/s)                                         
hub.deepflow.yunshan.net/dev/querier-js:v6.6.18868: resolving      |[32m[0m--------------------------------------| 
elapsed: 4.2 s                                      total:   0.0 B (0.0 B/s)                                         
hub.deepflow.yunshan.net/dev/querier-js:v6.6.18868: resolving      |[32m[0m--------------------------------------| 
elapsed: 4.3 s                                      total:   0.0 B (0.0 B/s)                                         
hub.deepflow.yunshan.net/dev/querier-js:v6.6.18868: resolving      |[32m[0m--------------------------------------| 
elapsed: 4.4 s                                      total:   0.0 B (0.0 B/s)                                         
hub.deepflow.yunshan.net/dev/querier-js:v6.6.18868: resolving      |[32m[0m--------------------------------------| 
elapsed: 4.5 s                                      total:   0.0 B (0.0 B/s)                                         
hub.deepflow.yunshan.net/dev/querier-js:v6.6.18868: resolving      |[32m[0m--------------------------------------| 
elapsed: 4.6 s                                      total:   0.0 B (0.0 B/s)                                         
hub.deepflow.yunshan.net/dev/querier-js:v6.6.18868: resolving      |[32m[0m--------------------------------------| 
elapsed: 4.7 s                                      total:   0.0 B (0.0 B/s)                                         
hub.deepflow.yunshan.net/dev/querier-js:v6.6.18868: resolving      |[32m[0m--------------------------------------| 
elapsed: 4.8 s                                      total:   0.0 B (0.0 B/s)                                         
hub.deepflow.yunshan.net/dev/querier-js:v6.6.18868: resolving      |[32m[0m--------------------------------------| 
elapsed: 4.9 s                                      total:   0.0 B (0.0 B/s)                                         
hub.deepflow.yunshan.net/dev/querier-js:v6.6.18868: resolving      |[32m[0m--------------------------------------| 
elapsed: 5.0 s                                      total:   0.0 B (0.0 B/s)                                         
hub.deepflow.yunshan.net/dev/querier-js:v6.6.18868: resolving      |[32m[0m--------------------------------------| 
elapsed: 5.1 s                                      total:   0.0 B (0.0 B/s)                                         
hub.deepflow.yunshan.net/dev/querier-js:v6.6.18868: resolving      |[32m[0m--------------------------------------| 
elapsed: 5.2 s                                      total:   0.0 B (0.0 B/s)                                         
hub.deepflow.yunshan.net/dev/querier-js:v6.6.18868: resolving      |[32m[0m--------------------------------------| 
elapsed: 5.3 s                                      total:   0.0 B (0.0 B/s)                                         
hub.deepflow.yunshan.net/dev/querier-js:v6.6.18868: resolving      |[32m[0m--------------------------------------| 
elapsed: 5.4 s                                      total:   0.0 B (0.0 B/s)                                         
hub.deepflow.yunshan.net/dev/querier-js:v6.6.18868: resolving      |[32m[0m--------------------------------------| 
elapsed: 5.5 s                                      total:   0.0 B (0.0 B/s)                                         
hub.deepflow.yunshan.net/dev/querier-js:v6.6.18868: resolving      |[32m[0m--------------------------------------| 
elapsed: 5.6 s                                      total:   0.0 B (0.0 B/s)                                         
hub.deepflow.yunshan.net/dev/querier-js:v6.6.18868: resolving      |[32m[0m--------------------------------------| 
elapsed: 5.7 s                                      total:   0.0 B (0.0 B/s)                                         
hub.deepflow.yunshan.net/dev/querier-js:v6.6.18868: resolving      |[32m[0m--------------------------------------| 
elapsed: 5.8 s                                      total:   0.0 B (0.0 B/s)                                         
hub.deepflow.yunshan.net/dev/querier-js:v6.6.18868: resolving      |[32m[0m--------------------------------------| 
elapsed: 5.9 s                                      total:   0.0 B (0.0 B/s)                                         
hub.deepflow.yunshan.net/dev/querier-js:v6.6.18868: resolving      |[32m[0m--------------------------------------| 
elapsed: 6.0 s                                      total:   0.0 B (0.0 B/s)                                         
hub.deepflow.yunshan.net/dev/querier-js:v6.6.18868: resolving      |[32m[0m--------------------------------------| 
elapsed: 6.1 s                                      total:   0.0 B (0.0 B/s)                                         
hub.deepflow.yunshan.net/dev/querier-js:v6.6.18868: resolving      |[32m[0m--------------------------------------| 
elapsed: 6.2 s                                      total:   0.0 B (0.0 B/s)                                         
hub.deepflow.yunshan.net/dev/querier-js:v6.6.18868: resolving      |[32m[0m--------------------------------------| 
elapsed: 6.3 s                                      total:   0.0 B (0.0 B/s)                                         
hub.deepflow.yunshan.net/dev/querier-js:v6.6.18868: resolving      |[32m[0m--------------------------------------| 
elapsed: 6.4 s                                      total:   0.0 B (0.0 B/s)                                         
hub.deepflow.yunshan.net/dev/querier-js:v6.6.18868: resolving      |[32m[0m--------------------------------------| 
elapsed: 6.5 s                                      total:   0.0 B (0.0 B/s)                                         
hub.deepflow.yunshan.net/dev/querier-js:v6.6.18868: resolving      |[32m[0m--------------------------------------| 
elapsed: 6.6 s                                      total:   0.0 B (0.0 B/s)                                         
hub.deepflow.yunshan.net/dev/querier-js:v6.6.18868: resolving      |[32m[0m--------------------------------------| 
elapsed: 6.7 s                                      total:   0.0 B (0.0 B/s)                                         
hub.deepflow.yunshan.net/dev/querier-js:v6.6.18868: resolving      |[32m[0m--------------------------------------| 
elapsed: 6.8 s                                      total:   0.0 B (0.0 B/s)                                         
hub.deepflow.yunshan.net/dev/querier-js:v6.6.18868: resolving      |[32m[0m--------------------------------------| 
elapsed: 6.9 s                                      total:   0.0 B (0.0 B/s)                                         
hub.deepflow.yunshan.net/dev/querier-js:v6.6.18868: resolving      |[32m[0m--------------------------------------| 
elapsed: 7.0 s                                      total:   0.0 B (0.0 B/s)                                         
hub.deepflow.yunshan.net/dev/querier-js:v6.6.18868: resolving      |[32m[0m--------------------------------------| 
elapsed: 7.1 s                                      total:   0.0 B (0.0 B/s)                                         
hub.deepflow.yunshan.net/dev/querier-js:v6.6.18868:                            resolved       |[32m++++++++++++++++++++++++++++++++++++++[0m| 
index-sha256:c7bc18f66176400035d8fb5bc56a25245d0bb2fb8087079d3c77441a036f2835: exists         |[32m++++++++++++++++++++++++++++++++++++++[0m| 
elapsed: 7.2 s                                                                 total:   0.0 B (0.0 B/s)                                         
hub.deepflow.yunshan.net/dev/querier-js:v6.6.18868:                               resolved       |[32m++++++++++++++++++++++++++++++++++++++[0m| 
index-sha256:c7bc18f66176400035d8fb5bc56a25245d0bb2fb8087079d3c77441a036f2835:    exists         |[32m++++++++++++++++++++++++++++++++++++++[0m| 
manifest-sha256:efaa468d2f69d1e6e05c9953208ebe4905c206f1ef6da8837617d0e35a7dde3a: done           |[32m++++++++++++++++++++++++++++++++++++++[0m| 
config-sha256:5980bc5a49b5345c88897ff2cf4e259fd46926fd53b5cf249fb74fd21acbc425:   done           |[32m++++++++++++++++++++++++++++++++++++++[0m| 
elapsed: 7.3 s                                                                    total:   0.0 B (0.0 B/s)                                         
[1;32m正在保存镜像到: /home/auto_packing_no_delete/querier-js_v6.6.18868.tar[0m
[1;32m所有镜像处理完成！[0m
  adding: querier-js_v6.6.18868.tar (deflated 0%)
10.34.0.214 - - [28/Aug/2025 10:58:05] "[36mGET / HTTP/1.1[0m" 304 -
querier-js_tag: v6.6.1886810.34.0.214 - - [28/Aug/2025 10:58:08] "GET /build?current=66-37&target=66-45 HTTP/1.1" 200 -
Login Succeeded
镜像文件将保存到当前目录: /home/auto_packing_no_delete
[1;32m正在拉取镜像: hub.deepflow.yunshan.net/dev/querier-js:v6.6.18868[0m
hub.deepflow.yunshan.net/dev/querier-js:v6.6.18868: resolving      |[32m[0m--------------------------------------| 
elapsed: 0.1 s                                      total:   0.0 B (0.0 B/s)                                         
hub.deepflow.yunshan.net/dev/querier-js:v6.6.18868: resolving      |[32m[0m--------------------------------------| 
elapsed: 0.2 s                                      total:   0.0 B (0.0 B/s)                                         
hub.deepflow.yunshan.net/dev/querier-js:v6.6.18868: resolving      |[32m[0m--------------------------------------| 
elapsed: 0.3 s                                      total:   0.0 B (0.0 B/s)                                         
hub.deepflow.yunshan.net/dev/querier-js:v6.6.18868: resolving      |[32m[0m--------------------------------------| 
elapsed: 0.4 s                                      total:   0.0 B (0.0 B/s)                                         
hub.deepflow.yunshan.net/dev/querier-js:v6.6.18868: resolving      |[32m[0m--------------------------------------| 
elapsed: 0.5 s                                      total:   0.0 B (0.0 B/s)                                         
hub.deepflow.yunshan.net/dev/querier-js:v6.6.18868: resolving      |[32m[0m--------------------------------------| 
elapsed: 0.6 s                                      total:   0.0 B (0.0 B/s)                                         
hub.deepflow.yunshan.net/dev/querier-js:v6.6.18868: resolving      |[32m[0m--------------------------------------| 
elapsed: 0.7 s                                      total:   0.0 B (0.0 B/s)                                         
hub.deepflow.yunshan.net/dev/querier-js:v6.6.18868: resolving      |[32m[0m--------------------------------------| 
elapsed: 0.8 s                                      total:   0.0 B (0.0 B/s)                                         
hub.deepflow.yunshan.net/dev/querier-js:v6.6.18868: resolving      |[32m[0m--------------------------------------| 
elapsed: 0.9 s                                      total:   0.0 B (0.0 B/s)                                         
hub.deepflow.yunshan.net/dev/querier-js:v6.6.18868: resolving      |[32m[0m--------------------------------------| 
elapsed: 1.0 s                                      total:   0.0 B (0.0 B/s)                                         
hub.deepflow.yunshan.net/dev/querier-js:v6.6.18868:                               resolved       |[32m++++++++++++++++++++++++++++++++++++++[0m| 
index-sha256:c7bc18f66176400035d8fb5bc56a25245d0bb2fb8087079d3c77441a036f2835:    exists         |[32m++++++++++++++++++++++++++++++++++++++[0m| 
manifest-sha256:efaa468d2f69d1e6e05c9953208ebe4905c206f1ef6da8837617d0e35a7dde3a: exists         |[32m++++++++++++++++++++++++++++++++++++++[0m| 
elapsed: 1.1 s                                                                    total:   0.0 B (0.0 B/s)                                         
hub.deepflow.yunshan.net/dev/querier-js:v6.6.18868:                               resolved       |[32m++++++++++++++++++++++++++++++++++++++[0m| 
index-sha256:c7bc18f66176400035d8fb5bc56a25245d0bb2fb8087079d3c77441a036f2835:    exists         |[32m++++++++++++++++++++++++++++++++++++++[0m| 
manifest-sha256:efaa468d2f69d1e6e05c9953208ebe4905c206f1ef6da8837617d0e35a7dde3a: exists         |[32m++++++++++++++++++++++++++++++++++++++[0m| 
config-sha256:5980bc5a49b5345c88897ff2cf4e259fd46926fd53b5cf249fb74fd21acbc425:   done           |[32m++++++++++++++++++++++++++++++++++++++[0m| 
elapsed: 1.2 s                                                                    total:   0.0 B (0.0 B/s)                                         
[1;32m正在保存镜像到: /home/auto_packing_no_delete/querier-js_v6.6.18868.tar[0m
[1;32m所有镜像处理完成！[0m
  adding: querier-js_v6.6.18868.tar (deflated 0%)
 * Detected change in '/home/auto_packing_no_delete/app.py', reloading
 * Restarting with stat
 * Debugger is active!
 * Debugger PIN: 278-151-367
